c:\users\stanislav arnaudov\source\repos\directxer\fmt\debug\fmt.pdb
c:\users\stanislav arnaudov\source\repos\directxer\fmt\debug\fmt.idb
c:\users\stanislav arnaudov\source\repos\directxer\fmt\debug\os.obj
c:\users\stanislav arnaudov\source\repos\directxer\fmt\debug\format.obj
c:\users\stanislav arnaudov\source\repos\directxer\debug\fmt.lib
c:\users\stanislav arnaudov\source\repos\directxer\fmt\debug\vc142.idb
c:\users\stanislav arnaudov\source\repos\directxer\fmt\debug\vc142.pdb
c:\users\stanislav arnaudov\source\repos\directxer\fmt\debug\fmt.tlog\cl.command.1.tlog
c:\users\stanislav arnaudov\source\repos\directxer\fmt\debug\fmt.tlog\cl.read.1.tlog
c:\users\stanislav arnaudov\source\repos\directxer\fmt\debug\fmt.tlog\cl.write.1.tlog
c:\users\stanislav arnaudov\source\repos\directxer\fmt\debug\fmt.tlog\lib-link.read.1.tlog
c:\users\stanislav arnaudov\source\repos\directxer\fmt\debug\fmt.tlog\lib-link.write.1.tlog
c:\users\stanislav arnaudov\source\repos\directxer\fmt\debug\fmt.tlog\lib.command.1.tlog
c:\users\stanislav arnaudov\source\repos\directxer\fmt\debug\fmt.tlog\link-cvtres.read.1.tlog
c:\users\stanislav arnaudov\source\repos\directxer\fmt\debug\fmt.tlog\link-cvtres.write.1.tlog
c:\users\stanislav arnaudov\source\repos\directxer\fmt\debug\fmt.tlog\link-rc.read.1.tlog
c:\users\stanislav arnaudov\source\repos\directxer\fmt\debug\fmt.tlog\link-rc.write.1.tlog
c:\users\stanislav arnaudov\source\repos\directxer\fmt\debug\fmt.tlog\link.command.1.tlog
c:\users\stanislav arnaudov\source\repos\directxer\fmt\debug\fmt.tlog\link.read.1.tlog
c:\users\stanislav arnaudov\source\repos\directxer\fmt\debug\fmt.tlog\link.write.1.tlog
