c:\users\stanislav arnaudov\source\repos\directxer\directxer\debug\keyboard.obj
c:\users\stanislav arnaudov\source\repos\directxer\directxer\debug\windowsmessagemap.obj
c:\users\stanislav arnaudov\source\repos\directxer\directxer\debug\mouse.obj
c:\users\stanislav arnaudov\source\repos\directxer\directxer\debug\baseexception.obj
c:\users\stanislav arnaudov\source\repos\directxer\directxer\debug\window.obj
c:\users\stanislav arnaudov\source\repos\directxer\directxer\debug\app.obj
c:\users\stanislav arnaudov\source\repos\directxer\directxer\debug\winmain.obj
c:\users\stanislav arnaudov\source\repos\directxer\directxer\debug\graphics.obj
c:\users\stanislav arnaudov\source\repos\directxer\directxer\debug\vc142.pdb
c:\users\stanislav arnaudov\source\repos\directxer\directxer\debug\vc142.idb
c:\users\stanislav arnaudov\source\repos\directxer\directxer\pixelshader.cso
c:\users\stanislav arnaudov\source\repos\directxer\directxer\vertexshader.cso
c:\users\stanislav arnaudov\source\repos\directxer\debug\directxer.pdb
c:\users\stanislav arnaudov\source\repos\directxer\directxer\debug\directxer.tlog\cl.command.1.tlog
c:\users\stanislav arnaudov\source\repos\directxer\directxer\debug\directxer.tlog\cl.read.1.tlog
c:\users\stanislav arnaudov\source\repos\directxer\directxer\debug\directxer.tlog\cl.write.1.tlog
c:\users\stanislav arnaudov\source\repos\directxer\directxer\debug\directxer.tlog\fxc.command.1.tlog
c:\users\stanislav arnaudov\source\repos\directxer\directxer\debug\directxer.tlog\fxc.read.1.tlog
c:\users\stanislav arnaudov\source\repos\directxer\directxer\debug\directxer.tlog\fxc.write.1.tlog
c:\users\stanislav arnaudov\source\repos\directxer\directxer\debug\directxer.tlog\link-cvtres.read.1.tlog
c:\users\stanislav arnaudov\source\repos\directxer\directxer\debug\directxer.tlog\link-cvtres.write.1.tlog
c:\users\stanislav arnaudov\source\repos\directxer\directxer\debug\directxer.tlog\link-rc.read.1.tlog
c:\users\stanislav arnaudov\source\repos\directxer\directxer\debug\directxer.tlog\link-rc.write.1.tlog
c:\users\stanislav arnaudov\source\repos\directxer\directxer\debug\directxer.tlog\link.command.1.tlog
c:\users\stanislav arnaudov\source\repos\directxer\directxer\debug\directxer.tlog\link.read.1.tlog
c:\users\stanislav arnaudov\source\repos\directxer\directxer\debug\directxer.tlog\link.write.1.tlog
